Terminals unused in grammar

   ERROR


Grammar

    0 $accept: start $end

    1 start: expr

    2 expr: INTLIT
    3     | IDENT
    4     | STRINGLIT
    5     | OPENPAR expr CLOSEPAR
    6     | expr PLUS expr
    7     | expr MINUS expr
    8     | expr MULT expr
    9     | expr DIV expr
   10     | MINUS expr


Terminals, with rules where they appear

$end (0) 0
error (256)
IDENT (258) 3
STRINGLIT (259) 4
INTLIT (260) 2
PLUS (261) 6
MINUS (262) 7 10
MULT (263) 8
DIV (264) 9
UMINUS (265)
OPENPAR (266) 5
CLOSEPAR (267) 5
ERROR (268)


Nonterminals, with rules where they appear

$accept (14)
    on left: 0
start (15)
    on left: 1, on right: 0
expr (16)
    on left: 2 3 4 5 6 7 8 9 10, on right: 1 5 6 7 8 9 10


State 0

    0 $accept: . start $end

    IDENT      shift, and go to state 1
    STRINGLIT  shift, and go to state 2
    INTLIT     shift, and go to state 3
    MINUS      shift, and go to state 4
    OPENPAR    shift, and go to state 5

    start  go to state 6
    expr   go to state 7


State 1

    3 expr: IDENT .

    $default  reduce using rule 3 (expr)


State 2

    4 expr: STRINGLIT .

    $default  reduce using rule 4 (expr)


State 3

    2 expr: INTLIT .

    $default  reduce using rule 2 (expr)


State 4

   10 expr: MINUS . expr

    IDENT      shift, and go to state 1
    STRINGLIT  shift, and go to state 2
    INTLIT     shift, and go to state 3
    MINUS      shift, and go to state 4
    OPENPAR    shift, and go to state 5

    expr  go to state 8


State 5

    5 expr: OPENPAR . expr CLOSEPAR

    IDENT      shift, and go to state 1
    STRINGLIT  shift, and go to state 2
    INTLIT     shift, and go to state 3
    MINUS      shift, and go to state 4
    OPENPAR    shift, and go to state 5

    expr  go to state 9


State 6

    0 $accept: start . $end

    $end  shift, and go to state 10


State 7

    1 start: expr .
    6 expr: expr . PLUS expr
    7     | expr . MINUS expr
    8     | expr . MULT expr
    9     | expr . DIV expr

    PLUS   shift, and go to state 11
    MINUS  shift, and go to state 12
    MULT   shift, and go to state 13
    DIV    shift, and go to state 14

    $default  reduce using rule 1 (start)


State 8

    6 expr: expr . PLUS expr
    7     | expr . MINUS expr
    8     | expr . MULT expr
    9     | expr . DIV expr
   10     | MINUS expr .

    $default  reduce using rule 10 (expr)


State 9

    5 expr: OPENPAR expr . CLOSEPAR
    6     | expr . PLUS expr
    7     | expr . MINUS expr
    8     | expr . MULT expr
    9     | expr . DIV expr

    PLUS      shift, and go to state 11
    MINUS     shift, and go to state 12
    MULT      shift, and go to state 13
    DIV       shift, and go to state 14
    CLOSEPAR  shift, and go to state 15


State 10

    0 $accept: start $end .

    $default  accept


State 11

    6 expr: expr PLUS . expr

    IDENT      shift, and go to state 1
    STRINGLIT  shift, and go to state 2
    INTLIT     shift, and go to state 3
    MINUS      shift, and go to state 4
    OPENPAR    shift, and go to state 5

    expr  go to state 16


State 12

    7 expr: expr MINUS . expr

    IDENT      shift, and go to state 1
    STRINGLIT  shift, and go to state 2
    INTLIT     shift, and go to state 3
    MINUS      shift, and go to state 4
    OPENPAR    shift, and go to state 5

    expr  go to state 17


State 13

    8 expr: expr MULT . expr

    IDENT      shift, and go to state 1
    STRINGLIT  shift, and go to state 2
    INTLIT     shift, and go to state 3
    MINUS      shift, and go to state 4
    OPENPAR    shift, and go to state 5

    expr  go to state 18


State 14

    9 expr: expr DIV . expr

    IDENT      shift, and go to state 1
    STRINGLIT  shift, and go to state 2
    INTLIT     shift, and go to state 3
    MINUS      shift, and go to state 4
    OPENPAR    shift, and go to state 5

    expr  go to state 19


State 15

    5 expr: OPENPAR expr CLOSEPAR .

    $default  reduce using rule 5 (expr)


State 16

    6 expr: expr . PLUS expr
    6     | expr PLUS expr .
    7     | expr . MINUS expr
    8     | expr . MULT expr
    9     | expr . DIV expr

    MULT  shift, and go to state 13
    DIV   shift, and go to state 14

    $default  reduce using rule 6 (expr)


State 17

    6 expr: expr . PLUS expr
    7     | expr . MINUS expr
    7     | expr MINUS expr .
    8     | expr . MULT expr
    9     | expr . DIV expr

    MULT  shift, and go to state 13
    DIV   shift, and go to state 14

    $default  reduce using rule 7 (expr)


State 18

    6 expr: expr . PLUS expr
    7     | expr . MINUS expr
    8     | expr . MULT expr
    8     | expr MULT expr .
    9     | expr . DIV expr

    $default  reduce using rule 8 (expr)


State 19

    6 expr: expr . PLUS expr
    7     | expr . MINUS expr
    8     | expr . MULT expr
    9     | expr . DIV expr
    9     | expr DIV expr .

    $default  reduce using rule 9 (expr)
